This file contains any messages produced by compilers while
running configure, to aid debugging if configure makes a mistake.

It was created by redex configure 1.0, which was
generated by GNU Autoconf 2.69.  Invocation command line was

  $ ./configure 

## --------- ##
## Platform. ##
## --------- ##

hostname = sanbo-3.local
uname -m = x86_64
uname -r = 18.0.0
uname -s = Darwin
uname -v = Darwin Kernel Version 18.0.0: Wed Aug 22 20:13:40 PDT 2018; root:xnu-4903.201.2~1/RELEASE_X86_64

/usr/bin/uname -p = i386
/bin/uname -X     = unknown

/bin/arch              = unknown
/usr/bin/arch -k       = unknown
/usr/convex/getsysinfo = unknown
/usr/bin/hostinfo      = Mach kernel version:
	 Darwin Kernel Version 18.0.0: Wed Aug 22 20:13:40 PDT 2018; root:xnu-4903.201.2~1/RELEASE_X86_64
Kernel configured for up to 4 processors.
2 processors are physically available.
4 processors are logically available.
Processor type: x86_64h (Intel x86-64h Haswell)
Processors active: 0 1 2 3
Primary memory available: 8.00 gigabytes
Default processor set: 329 tasks, 1439 threads, 4 processors
Load average: 2.67, Mach factor: 1.64
/bin/machine           = unknown
/usr/bin/oslevel       = unknown
/bin/universe          = unknown

PATH: /opt/local/bin
PATH: /opt/local/sbin
PATH: /Users/sanbo/.sdkman/candidates/spark/current/bin
PATH: /Users/sanbo/.sdkman/candidates/scala/current/bin
PATH: /Users/sanbo/.sdkman/candidates/sbt/current/bin
PATH: /Users/sanbo/.sdkman/candidates/maven/current/bin
PATH: /Users/sanbo/.sdkman/candidates/kotlin/current/bin
PATH: /Users/sanbo/.sdkman/candidates/jbake/current/bin
PATH: /Users/sanbo/.sdkman/candidates/java/current/bin
PATH: /Users/sanbo/.sdkman/candidates/groovy/current/bin
PATH: /Users/sanbo/.sdkman/candidates/gradle/current/bin
PATH: /usr/local/Cellar/scala/2.10.7/bin
PATH: /usr/local/opt/bison/bin
PATH: /usr/local/mysql/bin
PATH: /usr/local/redis-4.0.9/bin
PATH: /Library/Java/JavaVirtualMachines/jdk1.8.0_162.jdk/Contents/Home/bin
PATH: /Users/sanbo/dev/sdk_studio/platform-tools
PATH: /Users/sanbo/dev/sdk_studio/tools
PATH: /opt/local/bin
PATH: /opt/local/sbin
PATH: /Users/sanbo/bin/
PATH: /Users/sanbo/dev/sdk_studio/build-tools/27.0.3
PATH: /Users/sanbo/dev/decompile/jadx/bin/
PATH: /Users/sanbo/dev/decompile/jadx/bin/
PATH: /Users/sanbo/dev/android-ndk-r12b
PATH: /Users/sanbo/.gradle/wrapper/dists/gradle-4.4-all/9br9xq1tocpiv8o6njlyu5op1/gradle-4.4/bin
PATH: /usr/local/bin
PATH: /usr/bin
PATH: /bin
PATH: /usr/sbin
PATH: /sbin
PATH: /Applications/VMware Fusion.app/Contents/Public
PATH: /usr/local/go/bin
PATH: /usr/local/aria2/bin
PATH: /usr/local/share/dotnet
PATH: /opt/X11/bin
PATH: ~/.dotnet/tools
PATH: /Library/Frameworks/Mono.framework/Versions/Current/Commands
PATH: /Applications/Wireshark.app/Contents/MacOS
PATH: /Applications/Xamarin Workbooks.app/Contents/SharedSupport/path-bin
PATH: /Users/sanbo/code/flutter/bin
PATH: /Users/sanbo/dev/apache-maven-3.5.2/bin
PATH: /usr/local/Cellar/go/bin
PATH: /Users/sanbo/code/gopath/bin
PATH: /usr/local/opt/go/libexec/bin
PATH: /Applications/010 Editor.app/Contents/CmdLine


## ----------- ##
## Core tests. ##
## ----------- ##

configure:2646: checking for a BSD-compatible install
configure:2714: result: /usr/bin/install -c
configure:2725: checking whether build environment is sane
configure:2780: result: yes
configure:2931: checking for a thread-safe mkdir -p
configure:2970: result: ./install-sh -c -d
configure:2977: checking for gawk
configure:3007: result: no
configure:2977: checking for mawk
configure:3007: result: no
configure:2977: checking for nawk
configure:3007: result: no
configure:2977: checking for awk
configure:2993: found /usr/bin/awk
configure:3004: result: awk
configure:3015: checking whether make sets $(MAKE)
configure:3037: result: yes
configure:3066: checking whether make supports nested variables
configure:3083: result: yes
configure:3274: checking for g++
configure:3290: found /usr/bin/g++
configure:3301: result: g++
configure:3328: checking for C++ compiler version
configure:3337: g++ --version >&5
Apple LLVM version 10.0.0 (clang-1000.11.45.5)
Target: x86_64-apple-darwin18.0.0
Thread model: posix
InstalledDir: /Applications/Xcode.app/Contents/Developer/Toolchains/XcodeDefault.xctoolchain/usr/bin
Configured with: --prefix=/Applications/Xcode.app/Contents/Developer/usr --with-gxx-include-dir=/Applications/Xcode.app/Contents/Developer/Platforms/MacOSX.platform/Developer/SDKs/MacOSX10.14.sdk/usr/include/c++/4.2.1
configure:3348: $? = 0
configure:3337: g++ -v >&5
Configured with: --prefix=/Applications/Xcode.app/Contents/Developer/usr --with-gxx-include-dir=/Applications/Xcode.app/Contents/Developer/Platforms/MacOSX.platform/Developer/SDKs/MacOSX10.14.sdk/usr/include/c++/4.2.1
Apple LLVM version 10.0.0 (clang-1000.11.45.5)
Target: x86_64-apple-darwin18.0.0
Thread model: posix
InstalledDir: /Applications/Xcode.app/Contents/Developer/Toolchains/XcodeDefault.xctoolchain/usr/bin
configure:3348: $? = 0
configure:3337: g++ -V >&5
clang: error: argument to '-V' is missing (expected 1 value)
clang: error: no input files
configure:3348: $? = 1
configure:3337: g++ -qversion >&5
clang: error: unknown argument: '-qversion'
clang: error: no input files
configure:3348: $? = 1
configure:3368: checking whether the C++ compiler works
configure:3390: g++    conftest.cpp  >&5
configure:3394: $? = 0
configure:3442: result: yes
configure:3445: checking for C++ compiler default output file name
configure:3447: result: a.out
configure:3453: checking for suffix of executables
configure:3460: g++ -o conftest    conftest.cpp  >&5
configure:3464: $? = 0
configure:3486: result: 
configure:3508: checking whether we are cross compiling
configure:3516: g++ -o conftest    conftest.cpp  >&5
configure:3520: $? = 0
configure:3527: ./conftest
configure:3531: $? = 0
configure:3546: result: no
configure:3551: checking for suffix of object files
configure:3573: g++ -c   conftest.cpp >&5
configure:3577: $? = 0
configure:3598: result: o
configure:3602: checking whether we are using the GNU C++ compiler
configure:3621: g++ -c   conftest.cpp >&5
configure:3621: $? = 0
configure:3630: result: yes
configure:3639: checking whether g++ accepts -g
configure:3659: g++ -c -g  conftest.cpp >&5
configure:3659: $? = 0
configure:3700: result: yes
configure:3726: checking whether make supports the include directive
configure:3741: make -f confmf.GNU && cat confinc.out
this is the am__doit target
configure:3744: $? = 0
configure:3763: result: yes (GNU style)
configure:3788: checking dependency style of g++
configure:3899: result: gcc3
configure:3962: checking for gcc
configure:3978: found /usr/bin/gcc
configure:3989: result: gcc
configure:4218: checking for C compiler version
configure:4227: gcc --version >&5
Apple LLVM version 10.0.0 (clang-1000.11.45.5)
Target: x86_64-apple-darwin18.0.0
Thread model: posix
InstalledDir: /Applications/Xcode.app/Contents/Developer/Toolchains/XcodeDefault.xctoolchain/usr/bin
Configured with: --prefix=/Applications/Xcode.app/Contents/Developer/usr --with-gxx-include-dir=/Applications/Xcode.app/Contents/Developer/Platforms/MacOSX.platform/Developer/SDKs/MacOSX10.14.sdk/usr/include/c++/4.2.1
configure:4238: $? = 0
configure:4227: gcc -v >&5
Configured with: --prefix=/Applications/Xcode.app/Contents/Developer/usr --with-gxx-include-dir=/Applications/Xcode.app/Contents/Developer/Platforms/MacOSX.platform/Developer/SDKs/MacOSX10.14.sdk/usr/include/c++/4.2.1
Apple LLVM version 10.0.0 (clang-1000.11.45.5)
Target: x86_64-apple-darwin18.0.0
Thread model: posix
InstalledDir: /Applications/Xcode.app/Contents/Developer/Toolchains/XcodeDefault.xctoolchain/usr/bin
configure:4238: $? = 0
configure:4227: gcc -V >&5
clang: error: argument to '-V' is missing (expected 1 value)
clang: error: no input files
configure:4238: $? = 1
configure:4227: gcc -qversion >&5
clang: error: unknown argument: '-qversion'
clang: error: no input files
configure:4238: $? = 1
configure:4242: checking whether we are using the GNU C compiler
configure:4261: gcc -c   conftest.c >&5
configure:4261: $? = 0
configure:4270: result: yes
configure:4279: checking whether gcc accepts -g
configure:4299: gcc -c -g  conftest.c >&5
configure:4299: $? = 0
configure:4340: result: yes
configure:4357: checking for gcc option to accept ISO C89
configure:4420: gcc  -c -g -O2  conftest.c >&5
configure:4420: $? = 0
configure:4433: result: none needed
configure:4458: checking whether gcc understands -c and -o together
configure:4480: gcc -c conftest.c -o conftest2.o
configure:4483: $? = 0
configure:4480: gcc -c conftest.c -o conftest2.o
configure:4483: $? = 0
configure:4495: result: yes
configure:4514: checking dependency style of gcc
configure:4625: result: gcc3
configure:4670: checking build system type
configure:4684: result: x86_64-apple-darwin18.0.0
configure:4704: checking host system type
configure:4717: result: x86_64-apple-darwin18.0.0
configure:4758: checking how to print strings
configure:4785: result: printf
configure:4806: checking for a sed that does not truncate output
configure:4870: result: /usr/local/bin/gsed
configure:4888: checking for grep that handles long lines and -e
configure:4946: result: /usr/bin/grep
configure:4951: checking for egrep
configure:5013: result: /usr/bin/grep -E
configure:5018: checking for fgrep
configure:5080: result: /usr/bin/grep -F
configure:5115: checking for ld used by gcc
configure:5182: result: /Applications/Xcode.app/Contents/Developer/Toolchains/XcodeDefault.xctoolchain/usr/bin/ld
configure:5189: checking if the linker (/Applications/Xcode.app/Contents/Developer/Toolchains/XcodeDefault.xctoolchain/usr/bin/ld) is GNU ld
configure:5204: result: no
configure:5216: checking for BSD- or MS-compatible name lister (nm)
configure:5270: result: /usr/bin/nm -B
configure:5400: checking the name lister (/usr/bin/nm -B) interface
configure:5407: gcc -c -g -O2  conftest.c >&5
configure:5410: /usr/bin/nm -B "conftest.o"
configure:5413: output
00000000000001c8 S _some_variable
configure:5420: result: BSD nm
configure:5423: checking whether ln -s works
configure:5427: result: yes
configure:5435: checking the maximum length of command line arguments
configure:5566: result: 196608
configure:5614: checking how to convert x86_64-apple-darwin18.0.0 file names to x86_64-apple-darwin18.0.0 format
configure:5654: result: func_convert_file_noop
configure:5661: checking how to convert x86_64-apple-darwin18.0.0 file names to toolchain format
configure:5681: result: func_convert_file_noop
configure:5688: checking for /Applications/Xcode.app/Contents/Developer/Toolchains/XcodeDefault.xctoolchain/usr/bin/ld option to reload object files
configure:5695: result: -r
configure:5769: checking for objdump
configure:5785: found /usr/bin/objdump
configure:5796: result: objdump
configure:5828: checking how to recognize dependent libraries
configure:6028: result: pass_all
configure:6113: checking for dlltool
configure:6143: result: no
configure:6173: checking how to associate runtime and link libraries
configure:6200: result: printf %s\n
configure:6261: checking for ar
configure:6277: found /usr/bin/ar
configure:6288: result: ar
configure:6325: checking for archiver @FILE support
configure:6342: gcc -c -g -O2  conftest.c >&5
configure:6342: $? = 0
configure:6345: ar cru libconftest.a @conftest.lst >&5
ar: @conftest.lst: No such file or directory
configure:6348: $? = 1
configure:6368: result: no
configure:6426: checking for strip
configure:6442: found /usr/bin/strip
configure:6453: result: strip
configure:6525: checking for ranlib
configure:6541: found /usr/bin/ranlib
configure:6552: result: ranlib
configure:6654: checking command to parse /usr/bin/nm -B output from gcc object
configure:6807: gcc -c -g -O2  conftest.c >&5
configure:6810: $? = 0
configure:6814: /usr/bin/nm -B conftest.o \| sed -n -e 's/^.*[ ]\([BCDEGRST][BCDEGRST]*\)[ ][ ]*\([_A-Za-z][_A-Za-z0-9]*\)$/\1 \2 \2/p' | sed '/ __gnu_lto/d' \> conftest.nm
configure:6817: $? = 0
cannot find nm_test_var in conftest.nm
configure:6807: gcc -c -g -O2  conftest.c >&5
configure:6810: $? = 0
configure:6814: /usr/bin/nm -B conftest.o \| sed -n -e 's/^.*[ ]\([BCDEGRST][BCDEGRST]*\)[ ][ ]*_\([_A-Za-z][_A-Za-z0-9]*\)$/\1 _\2 \2/p' | sed '/ __gnu_lto/d' \> conftest.nm
configure:6817: $? = 0
configure:6883: gcc -o conftest -g -O2   conftest.c conftstm.o >&5
warning: (x86_64)  could not find object file symbol for symbol _main
configure:6886: $? = 0
configure:6924: result: ok
configure:6971: checking for sysroot
configure:7001: result: no
configure:7008: checking for a working dd
configure:7046: result: /bin/dd
configure:7050: checking how to truncate binary pipes
configure:7065: result: /bin/dd bs=4096 count=1
configure:7394: checking for mt
configure:7424: result: no
configure:7444: checking if : is a manifest tool
configure:7450: : '-?'
configure:7458: result: no
configure:7514: checking for dsymutil
configure:7530: found /usr/bin/dsymutil
configure:7541: result: dsymutil
configure:7606: checking for nmedit
configure:7622: found /usr/bin/nmedit
configure:7633: result: nmedit
configure:7698: checking for lipo
configure:7714: found /usr/bin/lipo
configure:7725: result: lipo
configure:7790: checking for otool
configure:7806: found /usr/bin/otool
configure:7817: result: otool
configure:7882: checking for otool64
configure:7912: result: no
configure:7957: checking for -single_module linker flag
gcc -g -O2  -o libconftest.dylib -dynamiclib -Wl,-single_module conftest.c
configure:7990: result: yes
configure:7993: checking for -exported_symbols_list linker flag
configure:8013: gcc -o conftest -g -O2   -Wl,-exported_symbols_list,conftest.sym conftest.c  >&5
configure:8013: $? = 0
configure:8023: result: yes
configure:8026: checking for -force_load linker flag
gcc -g -O2 -c -o conftest.o conftest.c
ar cru libconftest.a conftest.o
ranlib libconftest.a
gcc -g -O2  -o conftest conftest.c -Wl,-force_load,./libconftest.a
configure:8058: result: yes
configure:8135: checking how to run the C preprocessor
configure:8166: gcc -E  conftest.c
configure:8166: $? = 0
configure:8180: gcc -E  conftest.c
conftest.c:11:10: fatal error: 'ac_nonexistent.h' file not found
#include <ac_nonexistent.h>
         ^~~~~~~~~~~~~~~~~~
1 error generated.
configure:8180: $? = 1
configure: failed program was:
| /* confdefs.h */
| #define PACKAGE_NAME "redex"
| #define PACKAGE_TARNAME "redex"
| #define PACKAGE_VERSION "1.0"
| #define PACKAGE_STRING "redex 1.0"
| #define PACKAGE_BUGREPORT "not-valid-yet@fb.com"
| #define PACKAGE_URL ""
| #define PACKAGE "redex"
| #define VERSION "1.0"
| /* end confdefs.h.  */
| #include <ac_nonexistent.h>
configure:8205: result: gcc -E
configure:8225: gcc -E  conftest.c
configure:8225: $? = 0
configure:8239: gcc -E  conftest.c
conftest.c:11:10: fatal error: 'ac_nonexistent.h' file not found
#include <ac_nonexistent.h>
         ^~~~~~~~~~~~~~~~~~
1 error generated.
configure:8239: $? = 1
configure: failed program was:
| /* confdefs.h */
| #define PACKAGE_NAME "redex"
| #define PACKAGE_TARNAME "redex"
| #define PACKAGE_VERSION "1.0"
| #define PACKAGE_STRING "redex 1.0"
| #define PACKAGE_BUGREPORT "not-valid-yet@fb.com"
| #define PACKAGE_URL ""
| #define PACKAGE "redex"
| #define VERSION "1.0"
| /* end confdefs.h.  */
| #include <ac_nonexistent.h>
configure:8268: checking for ANSI C header files
configure:8288: gcc -c -g -O2  conftest.c >&5
configure:8288: $? = 0
configure:8361: gcc -o conftest -g -O2   conftest.c  >&5
configure:8361: $? = 0
configure:8361: ./conftest
configure:8361: $? = 0
configure:8372: result: yes
configure:8385: checking for sys/types.h
configure:8385: gcc -c -g -O2  conftest.c >&5
configure:8385: $? = 0
configure:8385: result: yes
configure:8385: checking for sys/stat.h
configure:8385: gcc -c -g -O2  conftest.c >&5
configure:8385: $? = 0
configure:8385: result: yes
configure:8385: checking for stdlib.h
configure:8385: gcc -c -g -O2  conftest.c >&5
configure:8385: $? = 0
configure:8385: result: yes
configure:8385: checking for string.h
configure:8385: gcc -c -g -O2  conftest.c >&5
configure:8385: $? = 0
configure:8385: result: yes
configure:8385: checking for memory.h
configure:8385: gcc -c -g -O2  conftest.c >&5
configure:8385: $? = 0
configure:8385: result: yes
configure:8385: checking for strings.h
configure:8385: gcc -c -g -O2  conftest.c >&5
configure:8385: $? = 0
configure:8385: result: yes
configure:8385: checking for inttypes.h
configure:8385: gcc -c -g -O2  conftest.c >&5
configure:8385: $? = 0
configure:8385: result: yes
configure:8385: checking for stdint.h
configure:8385: gcc -c -g -O2  conftest.c >&5
configure:8385: $? = 0
configure:8385: result: yes
configure:8385: checking for unistd.h
configure:8385: gcc -c -g -O2  conftest.c >&5
configure:8385: $? = 0
configure:8385: result: yes
configure:8399: checking for dlfcn.h
configure:8399: gcc -c -g -O2  conftest.c >&5
configure:8399: $? = 0
configure:8399: result: yes
configure:8666: checking for objdir
configure:8681: result: .libs
configure:8945: checking if gcc supports -fno-rtti -fno-exceptions
configure:8963: gcc -c -g -O2  -fno-rtti -fno-exceptions conftest.c >&5
configure:8967: $? = 0
configure:8980: result: yes
configure:9338: checking for gcc option to produce PIC
configure:9345: result: -fno-common -DPIC
configure:9353: checking if gcc PIC flag -fno-common -DPIC works
configure:9371: gcc -c -g -O2  -fno-common -DPIC -DPIC conftest.c >&5
configure:9375: $? = 0
configure:9388: result: yes
configure:9417: checking if gcc static flag -static works
configure:9445: result: no
configure:9460: checking if gcc supports -c -o file.o
configure:9481: gcc -c -g -O2  -o out/conftest2.o conftest.c >&5
configure:9485: $? = 0
configure:9507: result: yes
configure:9515: checking if gcc supports -c -o file.o
configure:9562: result: yes
configure:9595: checking whether the gcc linker (/Applications/Xcode.app/Contents/Developer/Toolchains/XcodeDefault.xctoolchain/usr/bin/ld) supports shared libraries
configure:10854: result: yes
configure:11094: checking dynamic linker characteristics
configure:11912: result: darwin18.0.0 dyld
configure:12034: checking how to hardcode library paths into programs
configure:12059: result: immediate
configure:12607: checking whether stripping libraries is possible
configure:12621: result: yes
configure:12647: checking if libtool supports shared libraries
configure:12649: result: yes
configure:12652: checking whether to build shared libraries
configure:12677: result: yes
configure:12680: checking whether to build static libraries
configure:12684: result: yes
configure:12707: checking how to run the C++ preprocessor
configure:12734: g++ -E  conftest.cpp
configure:12734: $? = 0
configure:12748: g++ -E  conftest.cpp
conftest.cpp:23:10: fatal error: 'ac_nonexistent.h' file not found
#include <ac_nonexistent.h>
         ^~~~~~~~~~~~~~~~~~
1 error generated.
configure:12748: $? = 1
configure: failed program was:
| /* confdefs.h */
| #define PACKAGE_NAME "redex"
| #define PACKAGE_TARNAME "redex"
| #define PACKAGE_VERSION "1.0"
| #define PACKAGE_STRING "redex 1.0"
| #define PACKAGE_BUGREPORT "not-valid-yet@fb.com"
| #define PACKAGE_URL ""
| #define PACKAGE "redex"
| #define VERSION "1.0"
| #define STDC_HEADERS 1
| #define HAVE_SYS_TYPES_H 1
| #define HAVE_SYS_STAT_H 1
| #define HAVE_STDLIB_H 1
| #define HAVE_STRING_H 1
| #define HAVE_MEMORY_H 1
| #define HAVE_STRINGS_H 1
| #define HAVE_INTTYPES_H 1
| #define HAVE_STDINT_H 1
| #define HAVE_UNISTD_H 1
| #define HAVE_DLFCN_H 1
| #define LT_OBJDIR ".libs/"
| /* end confdefs.h.  */
| #include <ac_nonexistent.h>
configure:12773: result: g++ -E
configure:12793: g++ -E  conftest.cpp
configure:12793: $? = 0
configure:12807: g++ -E  conftest.cpp
conftest.cpp:23:10: fatal error: 'ac_nonexistent.h' file not found
#include <ac_nonexistent.h>
         ^~~~~~~~~~~~~~~~~~
1 error generated.
configure:12807: $? = 1
configure: failed program was:
| /* confdefs.h */
| #define PACKAGE_NAME "redex"
| #define PACKAGE_TARNAME "redex"
| #define PACKAGE_VERSION "1.0"
| #define PACKAGE_STRING "redex 1.0"
| #define PACKAGE_BUGREPORT "not-valid-yet@fb.com"
| #define PACKAGE_URL ""
| #define PACKAGE "redex"
| #define VERSION "1.0"
| #define STDC_HEADERS 1
| #define HAVE_SYS_TYPES_H 1
| #define HAVE_SYS_STAT_H 1
| #define HAVE_STDLIB_H 1
| #define HAVE_STRING_H 1
| #define HAVE_MEMORY_H 1
| #define HAVE_STRINGS_H 1
| #define HAVE_INTTYPES_H 1
| #define HAVE_STDINT_H 1
| #define HAVE_UNISTD_H 1
| #define HAVE_DLFCN_H 1
| #define LT_OBJDIR ".libs/"
| /* end confdefs.h.  */
| #include <ac_nonexistent.h>
configure:12969: checking for ld used by g++
configure:13036: result: /Applications/Xcode.app/Contents/Developer/Toolchains/XcodeDefault.xctoolchain/usr/bin/ld
configure:13043: checking if the linker (/Applications/Xcode.app/Contents/Developer/Toolchains/XcodeDefault.xctoolchain/usr/bin/ld) is GNU ld
configure:13058: result: no
configure:13113: checking whether the g++ linker (/Applications/Xcode.app/Contents/Developer/Toolchains/XcodeDefault.xctoolchain/usr/bin/ld) supports shared libraries
configure:14186: result: yes
configure:14222: g++ -c   conftest.cpp >&5
configure:14225: $? = 0
configure:14706: checking for g++ option to produce PIC
configure:14713: result: -fno-common -DPIC
configure:14721: checking if g++ PIC flag -fno-common -DPIC works
configure:14739: g++ -c   -fno-common -DPIC -DPIC conftest.cpp >&5
configure:14743: $? = 0
configure:14756: result: yes
configure:14779: checking if g++ static flag -static works
configure:14807: result: no
configure:14819: checking if g++ supports -c -o file.o
configure:14840: g++ -c   -o out/conftest2.o conftest.cpp >&5
configure:14844: $? = 0
configure:14866: result: yes
configure:14871: checking if g++ supports -c -o file.o
configure:14918: result: yes
configure:14948: checking whether the g++ linker (/Applications/Xcode.app/Contents/Developer/Toolchains/XcodeDefault.xctoolchain/usr/bin/ld) supports shared libraries
configure:14988: result: yes
configure:15129: checking dynamic linker characteristics
configure:15874: result: darwin18.0.0 dyld
configure:15939: checking how to hardcode library paths into programs
configure:15964: result: immediate
configure:16100: checking dependency style of gcc
configure:16211: result: gcc3
configure:16228: checking dependency style of g++
configure:16339: result: gcc3
configure:16435: checking for a Python interpreter with version >= 3.0
configure:16452: python -c import sys # split strings by '.' and convert to numeric. Append some zeros # because we need at least 4 digits for the hex conversion. # map returns an iterator in Python 3.0 and a list in 2.x minver = list(map(int, '3.0'.split('.'))) + [0, 0, 0] minverhex = 0 # xrange is not present in Python 3.0 and range returns an iterator for i in list(range(0, 4)): minverhex = (minverhex << 8) + minver[i] sys.exit(sys.hexversion < minverhex)
configure:16455: $? = 1
configure:16452: python2 -c import sys # split strings by '.' and convert to numeric. Append some zeros # because we need at least 4 digits for the hex conversion. # map returns an iterator in Python 3.0 and a list in 2.x minver = list(map(int, '3.0'.split('.'))) + [0, 0, 0] minverhex = 0 # xrange is not present in Python 3.0 and range returns an iterator for i in list(range(0, 4)): minverhex = (minverhex << 8) + minver[i] sys.exit(sys.hexversion < minverhex)
configure:16455: $? = 1
configure:16452: python3 -c import sys # split strings by '.' and convert to numeric. Append some zeros # because we need at least 4 digits for the hex conversion. # map returns an iterator in Python 3.0 and a list in 2.x minver = list(map(int, '3.0'.split('.'))) + [0, 0, 0] minverhex = 0 # xrange is not present in Python 3.0 and range returns an iterator for i in list(range(0, 4)): minverhex = (minverhex << 8) + minver[i] sys.exit(sys.hexversion < minverhex)
configure:16455: $? = 0
configure:16461: result: python3
configure:16469: checking for python3
configure:16487: found /usr/local/bin/python3
configure:16499: result: /usr/local/bin/python3
configure:16517: checking for python3 version
configure:16524: result: 3.6
configure:16536: checking for python3 platform
configure:16543: result: darwin
configure:16569: checking for python3 script directory
configure:16604: result: ${prefix}/lib/python3.6/site-packages
configure:16613: checking for python3 extension module directory
configure:16648: result: ${exec_prefix}/lib/python3.6/site-packages
configure:16846: checking whether gcc is Clang
configure:16871: result: yes
configure:16918: checking whether Clang needs flag to prevent "argument unused" warning when linking with -pthread
configure:16943: gcc -o conftest -Werror -Wunknown-warning-option  -pthread -g -O2   conftest.c  >&5
configure:16943: $? = 0
configure:16949: (gcc -c -Werror -Wunknown-warning-option  -pthread -g -O2  conftest.c >&5) && (echo ==== >&5) && (gcc -o conftest -Werror -Wunknown-warning-option  -pthread -g -O2   conftest.o  >&5)
====
configure:16949: $? = 0
configure:16967: result: no
configure:17116: checking for joinable pthread attribute
configure:17134: gcc -o conftest -g -O2 -pthread   conftest.c   >&5
configure:17134: $? = 0
configure:17142: result: PTHREAD_CREATE_JOINABLE
configure:17156: checking whether more special flags are required for pthreads
configure:17169: result: no
configure:17177: checking for PTHREAD_PRIO_INHERIT
configure:17193: gcc -o conftest -g -O2 -pthread   conftest.c   >&5
configure:17193: $? = 0
configure:17202: result: yes
configure:17352: checking for boostlib >= 1.58.0
configure:17435: g++ -c   -I/usr/local/include conftest.cpp >&5
conftest.cpp:37:8: error: Boost version is too old
    #  error Boost version is too old
       ^
1 error generated.
configure:17435: $? = 1
configure: failed program was:
| /* confdefs.h */
| #define PACKAGE_NAME "redex"
| #define PACKAGE_TARNAME "redex"
| #define PACKAGE_VERSION "1.0"
| #define PACKAGE_STRING "redex 1.0"
| #define PACKAGE_BUGREPORT "not-valid-yet@fb.com"
| #define PACKAGE_URL ""
| #define PACKAGE "redex"
| #define VERSION "1.0"
| #define STDC_HEADERS 1
| #define HAVE_SYS_TYPES_H 1
| #define HAVE_SYS_STAT_H 1
| #define HAVE_STDLIB_H 1
| #define HAVE_STRING_H 1
| #define HAVE_MEMORY_H 1
| #define HAVE_STRINGS_H 1
| #define HAVE_INTTYPES_H 1
| #define HAVE_STDINT_H 1
| #define HAVE_UNISTD_H 1
| #define HAVE_DLFCN_H 1
| #define LT_OBJDIR ".libs/"
| #define PACKAGE "redex"
| #define VERSION "1.0"
| #define HAVE_PTHREAD_PRIO_INHERIT 1
| #define HAVE_PTHREAD 1
| /* end confdefs.h.  */
| 
|     #include <boost/version.hpp>
| 
| int
| main ()
| {
| 
|     #if BOOST_VERSION >= 105800
|     // Everything is okay
|     #else
|     #  error Boost version is too old
|     #endif
| 
|   ;
|   return 0;
| }
configure:17550: g++ -c   -I/include/boost-0 conftest.cpp >&5
conftest.cpp:37:12: error: Boost version is too old
        #  error Boost version is too old
           ^
1 error generated.
configure:17550: $? = 1
configure: failed program was:
| /* confdefs.h */
| #define PACKAGE_NAME "redex"
| #define PACKAGE_TARNAME "redex"
| #define PACKAGE_VERSION "1.0"
| #define PACKAGE_STRING "redex 1.0"
| #define PACKAGE_BUGREPORT "not-valid-yet@fb.com"
| #define PACKAGE_URL ""
| #define PACKAGE "redex"
| #define VERSION "1.0"
| #define STDC_HEADERS 1
| #define HAVE_SYS_TYPES_H 1
| #define HAVE_SYS_STAT_H 1
| #define HAVE_STDLIB_H 1
| #define HAVE_STRING_H 1
| #define HAVE_MEMORY_H 1
| #define HAVE_STRINGS_H 1
| #define HAVE_INTTYPES_H 1
| #define HAVE_STDINT_H 1
| #define HAVE_UNISTD_H 1
| #define HAVE_DLFCN_H 1
| #define LT_OBJDIR ".libs/"
| #define PACKAGE "redex"
| #define VERSION "1.0"
| #define HAVE_PTHREAD_PRIO_INHERIT 1
| #define HAVE_PTHREAD 1
| /* end confdefs.h.  */
| 
|         #include <boost/version.hpp>
| 
| int
| main ()
| {
| 
|         #if BOOST_VERSION >= 105800
|         // Everything is okay
|         #else
|         #  error Boost version is too old
|         #endif
| 
|   ;
|   return 0;
| }
configure:17569: We could not detect the boost libraries (version 1.58 or higher). If you have a staged boost library (still not installed) please specify $BOOST_ROOT in your environment and do not give a PATH to --with-boost option.  If you are sure you have boost installed, then check your version number looking in <boost/version.hpp>. See http://randspringer.de/boost for more documentation.
configure:17576: error: Please install boost >= 1.58 (including filesystem)

## ---------------- ##
## Cache variables. ##
## ---------------- ##

ac_cv_build=x86_64-apple-darwin18.0.0
ac_cv_c_compiler_gnu=yes
ac_cv_cxx_compiler_gnu=yes
ac_cv_env_CCC_set=
ac_cv_env_CCC_value=
ac_cv_env_CC_set=
ac_cv_env_CC_value=
ac_cv_env_CFLAGS_set=
ac_cv_env_CFLAGS_value=
ac_cv_env_CPPFLAGS_set=
ac_cv_env_CPPFLAGS_value=
ac_cv_env_CPP_set=
ac_cv_env_CPP_value=
ac_cv_env_CXXCPP_set=
ac_cv_env_CXXCPP_value=
ac_cv_env_CXXFLAGS_set=
ac_cv_env_CXXFLAGS_value=
ac_cv_env_CXX_set=
ac_cv_env_CXX_value=
ac_cv_env_LDFLAGS_set=
ac_cv_env_LDFLAGS_value=
ac_cv_env_LIBS_set=
ac_cv_env_LIBS_value=
ac_cv_env_LT_SYS_LIBRARY_PATH_set=
ac_cv_env_LT_SYS_LIBRARY_PATH_value=
ac_cv_env_PYTHON_set=
ac_cv_env_PYTHON_value=
ac_cv_env_build_alias_set=
ac_cv_env_build_alias_value=
ac_cv_env_host_alias_set=
ac_cv_env_host_alias_value=
ac_cv_env_target_alias_set=
ac_cv_env_target_alias_value=
ac_cv_header_dlfcn_h=yes
ac_cv_header_inttypes_h=yes
ac_cv_header_memory_h=yes
ac_cv_header_stdc=yes
ac_cv_header_stdint_h=yes
ac_cv_header_stdlib_h=yes
ac_cv_header_string_h=yes
ac_cv_header_strings_h=yes
ac_cv_header_sys_stat_h=yes
ac_cv_header_sys_types_h=yes
ac_cv_header_unistd_h=yes
ac_cv_host=x86_64-apple-darwin18.0.0
ac_cv_objext=o
ac_cv_path_EGREP='/usr/bin/grep -E'
ac_cv_path_FGREP='/usr/bin/grep -F'
ac_cv_path_GREP=/usr/bin/grep
ac_cv_path_PYTHON=/usr/local/bin/python3
ac_cv_path_SED=/usr/local/bin/gsed
ac_cv_path_install='/usr/bin/install -c'
ac_cv_path_lt_DD=/bin/dd
ac_cv_prog_AWK=awk
ac_cv_prog_CPP='gcc -E'
ac_cv_prog_CXXCPP='g++ -E'
ac_cv_prog_ac_ct_AR=ar
ac_cv_prog_ac_ct_CC=gcc
ac_cv_prog_ac_ct_CXX=g++
ac_cv_prog_ac_ct_DSYMUTIL=dsymutil
ac_cv_prog_ac_ct_LIPO=lipo
ac_cv_prog_ac_ct_NMEDIT=nmedit
ac_cv_prog_ac_ct_OBJDUMP=objdump
ac_cv_prog_ac_ct_OTOOL=otool
ac_cv_prog_ac_ct_RANLIB=ranlib
ac_cv_prog_ac_ct_STRIP=strip
ac_cv_prog_cc_c89=
ac_cv_prog_cc_g=yes
ac_cv_prog_cxx_g=yes
ac_cv_prog_make_make_set=yes
am_cv_CC_dependencies_compiler_type=gcc3
am_cv_CXX_dependencies_compiler_type=gcc3
am_cv_make_support_nested_variables=yes
am_cv_pathless_PYTHON=python3
am_cv_prog_cc_c_o=yes
am_cv_python_platform=darwin
am_cv_python_pyexecdir='${exec_prefix}/lib/python3.6/site-packages'
am_cv_python_pythondir='${prefix}/lib/python3.6/site-packages'
am_cv_python_version=3.6
ax_cv_PTHREAD_CLANG=yes
ax_cv_PTHREAD_CLANG_NO_WARN_FLAG=no
ax_cv_PTHREAD_JOINABLE_ATTR=PTHREAD_CREATE_JOINABLE
ax_cv_PTHREAD_PRIO_INHERIT=yes
ax_cv_PTHREAD_SPECIAL_FLAGS=no
lt_cv_apple_cc_single_mod=yes
lt_cv_ar_at_file=no
lt_cv_deplibs_check_method=pass_all
lt_cv_file_magic_cmd='$MAGIC_CMD'
lt_cv_file_magic_test_file=
lt_cv_ld_exported_symbols_list=yes
lt_cv_ld_force_load=yes
lt_cv_ld_reload_flag=-r
lt_cv_nm_interface='BSD nm'
lt_cv_objdir=.libs
lt_cv_path_LD=/Applications/Xcode.app/Contents/Developer/Toolchains/XcodeDefault.xctoolchain/usr/bin/ld
lt_cv_path_LDCXX=/Applications/Xcode.app/Contents/Developer/Toolchains/XcodeDefault.xctoolchain/usr/bin/ld
lt_cv_path_NM='/usr/bin/nm -B'
lt_cv_path_mainfest_tool=no
lt_cv_prog_compiler_c_o=yes
lt_cv_prog_compiler_c_o_CXX=yes
lt_cv_prog_compiler_pic='-fno-common -DPIC'
lt_cv_prog_compiler_pic_CXX='-fno-common -DPIC'
lt_cv_prog_compiler_pic_works=yes
lt_cv_prog_compiler_pic_works_CXX=yes
lt_cv_prog_compiler_rtti_exceptions=yes
lt_cv_prog_compiler_static_works=no
lt_cv_prog_compiler_static_works_CXX=no
lt_cv_prog_gnu_ld=no
lt_cv_prog_gnu_ldcxx=no
lt_cv_sharedlib_from_linklib_cmd='printf %s\n'
lt_cv_sys_global_symbol_pipe='sed -n -e '\''s/^.*[	 ]\([BCDEGRST][BCDEGRST]*\)[	 ][	 ]*_\([_A-Za-z][_A-Za-z0-9]*\)$/\1 _\2 \2/p'\'' | sed '\''/ __gnu_lto/d'\'''
lt_cv_sys_global_symbol_to_c_name_address='sed -n -e '\''s/^: \(.*\) .*$/  {"\1", (void *) 0},/p'\'' -e '\''s/^[BCDEGRST][BCDEGRST]* .* \(.*\)$/  {"\1", (void *) \&\1},/p'\'''
lt_cv_sys_global_symbol_to_c_name_address_lib_prefix='sed -n -e '\''s/^: \(.*\) .*$/  {"\1", (void *) 0},/p'\'' -e '\''s/^[BCDEGRST][BCDEGRST]* .* \(lib.*\)$/  {"\1", (void *) \&\1},/p'\'' -e '\''s/^[BCDEGRST][BCDEGRST]* .* \(.*\)$/  {"lib\1", (void *) \&\1},/p'\'''
lt_cv_sys_global_symbol_to_cdecl='sed -n -e '\''s/^T .* \(.*\)$/extern int \1();/p'\'' -e '\''s/^[BCDEGRST][BCDEGRST]* .* \(.*\)$/extern char \1;/p'\'''
lt_cv_sys_global_symbol_to_import=
lt_cv_sys_max_cmd_len=196608
lt_cv_to_host_file_cmd=func_convert_file_noop
lt_cv_to_tool_file_cmd=func_convert_file_noop
lt_cv_truncate_bin='/bin/dd bs=4096 count=1'

## ----------------- ##
## Output variables. ##
## ----------------- ##

ACLOCAL='${SHELL} /Users/sanbo/Desktop/redex/missing aclocal-1.16'
AMDEPBACKSLASH='\'
AMDEP_FALSE='#'
AMDEP_TRUE=''
AMTAR='$${TAR-tar}'
AM_BACKSLASH='\'
AM_DEFAULT_V='$(AM_DEFAULT_VERBOSITY)'
AM_DEFAULT_VERBOSITY='1'
AM_V='$(V)'
AR='ar'
AUTOCONF='${SHELL} /Users/sanbo/Desktop/redex/missing autoconf'
AUTOHEADER='${SHELL} /Users/sanbo/Desktop/redex/missing autoheader'
AUTOMAKE='${SHELL} /Users/sanbo/Desktop/redex/missing automake-1.16'
AWK='awk'
BOOST_CPPFLAGS='-I/include/boost-0'
BOOST_FILESYSTEM_LIB=''
BOOST_IOSTREAMS_LIB=''
BOOST_LDFLAGS='-L/lib64'
BOOST_PROGRAM_OPTIONS_LIB=''
BOOST_REGEX_LIB=''
BOOST_SYSTEM_LIB=''
BOOST_THREAD_LIB=''
CC='gcc'
CCDEPMODE='depmode=gcc3'
CFLAGS='-g -O2'
CPP='gcc -E'
CPPFLAGS=' -I/include/boost-0'
CXX='g++'
CXXCPP='g++ -E'
CXXDEPMODE='depmode=gcc3'
CXXFLAGS=''
CYGPATH_W='echo'
DEFS=''
DEPDIR='.deps'
DLLTOOL='false'
DSYMUTIL='dsymutil'
DUMPBIN=''
ECHO_C='\c'
ECHO_N=''
ECHO_T=''
EGREP='/usr/bin/grep -E'
EXEEXT=''
FGREP='/usr/bin/grep -F'
GREP='/usr/bin/grep'
INSTALL_DATA='${INSTALL} -m 644'
INSTALL_PROGRAM='${INSTALL}'
INSTALL_SCRIPT='${INSTALL}'
INSTALL_STRIP_PROGRAM='$(install_sh) -c -s'
LD='/Applications/Xcode.app/Contents/Developer/Toolchains/XcodeDefault.xctoolchain/usr/bin/ld'
LDFLAGS=' -L/lib64'
LIBOBJS=''
LIBS=''
LIBTOOL='$(SHELL) $(top_builddir)/libtool'
LIPO='lipo'
LN_S='ln -s'
LTLIBOBJS=''
LT_SYS_LIBRARY_PATH=''
MAKEINFO='${SHELL} /Users/sanbo/Desktop/redex/missing makeinfo'
MANIFEST_TOOL=':'
MKDIR_P='./install-sh -c -d'
NM='/usr/bin/nm -B'
NMEDIT='nmedit'
OBJDUMP='objdump'
OBJEXT='o'
OTOOL64=':'
OTOOL='otool'
PACKAGE='redex'
PACKAGE_BUGREPORT='not-valid-yet@fb.com'
PACKAGE_NAME='redex'
PACKAGE_STRING='redex 1.0'
PACKAGE_TARNAME='redex'
PACKAGE_URL=''
PACKAGE_VERSION='1.0'
PATH_SEPARATOR=':'
PTHREAD_CC='gcc'
PTHREAD_CFLAGS='-pthread'
PTHREAD_LIBS=''
PYTHON='/usr/local/bin/python3'
PYTHON_EXEC_PREFIX='${exec_prefix}'
PYTHON_PLATFORM='darwin'
PYTHON_PREFIX='${prefix}'
PYTHON_VERSION='3.6'
RANLIB='ranlib'
SED='/usr/local/bin/gsed'
SET_MAKE=''
SHELL='/bin/sh'
STRIP='strip'
VERSION='1.0'
ac_ct_AR='ar'
ac_ct_CC='gcc'
ac_ct_CXX='g++'
ac_ct_DUMPBIN=''
am__EXEEXT_FALSE=''
am__EXEEXT_TRUE=''
am__fastdepCC_FALSE='#'
am__fastdepCC_TRUE=''
am__fastdepCXX_FALSE='#'
am__fastdepCXX_TRUE=''
am__include='include'
am__isrc=''
am__leading_dot='.'
am__nodep='_no'
am__quote=''
am__tar='$${TAR-tar} chof - "$$tardir"'
am__untar='$${TAR-tar} xf -'
ax_pthread_config=''
bindir='${exec_prefix}/bin'
build='x86_64-apple-darwin18.0.0'
build_alias=''
build_cpu='x86_64'
build_os='darwin18.0.0'
build_vendor='apple'
datadir='${datarootdir}'
datarootdir='${prefix}/share'
docdir='${datarootdir}/doc/${PACKAGE_TARNAME}'
dvidir='${docdir}'
exec_prefix='NONE'
host='x86_64-apple-darwin18.0.0'
host_alias=''
host_cpu='x86_64'
host_os='darwin18.0.0'
host_vendor='apple'
htmldir='${docdir}'
includedir='${prefix}/include'
infodir='${datarootdir}/info'
install_sh='${SHELL} /Users/sanbo/Desktop/redex/install-sh'
libdir='${exec_prefix}/lib'
libexecdir='${exec_prefix}/libexec'
localedir='${datarootdir}/locale'
localstatedir='${prefix}/var'
mandir='${datarootdir}/man'
mkdir_p='$(MKDIR_P)'
oldincludedir='/usr/include'
pdfdir='${docdir}'
pkgpyexecdir='${pyexecdir}/redex'
pkgpythondir='${pythondir}/redex'
prefix='NONE'
program_transform_name='s,x,x,'
psdir='${docdir}'
pyexecdir='${exec_prefix}/lib/python3.6/site-packages'
pythondir='${prefix}/lib/python3.6/site-packages'
sbindir='${exec_prefix}/sbin'
sharedstatedir='${prefix}/com'
sysconfdir='${prefix}/etc'
target_alias=''

## ----------- ##
## confdefs.h. ##
## ----------- ##

/* confdefs.h */
#define PACKAGE_NAME "redex"
#define PACKAGE_TARNAME "redex"
#define PACKAGE_VERSION "1.0"
#define PACKAGE_STRING "redex 1.0"
#define PACKAGE_BUGREPORT "not-valid-yet@fb.com"
#define PACKAGE_URL ""
#define PACKAGE "redex"
#define VERSION "1.0"
#define STDC_HEADERS 1
#define HAVE_SYS_TYPES_H 1
#define HAVE_SYS_STAT_H 1
#define HAVE_STDLIB_H 1
#define HAVE_STRING_H 1
#define HAVE_MEMORY_H 1
#define HAVE_STRINGS_H 1
#define HAVE_INTTYPES_H 1
#define HAVE_STDINT_H 1
#define HAVE_UNISTD_H 1
#define HAVE_DLFCN_H 1
#define LT_OBJDIR ".libs/"
#define PACKAGE "redex"
#define VERSION "1.0"
#define HAVE_PTHREAD_PRIO_INHERIT 1
#define HAVE_PTHREAD 1

configure: exit 1
